(lp1
S'D:\\doc\\feiji\\\xb7\xc9\xd0\xd0\xca\xfd\xbe\xdd\xbc\xc7\xc2\xbc\\Tacview-20081018-180223.txt.acmi'
p2
aS'D:\\doc\\feiji\\\xb7\xc9\xd0\xd0\xca\xfd\xbe\xdd\xbc\xc7\xc2\xbc\\Tacview-20081018-185436.txt.acmi'
p3
aS'D:\\doc\\feiji\\\xb7\xc9\xd0\xd0\xca\xfd\xbe\xdd\xbc\xc7\xc2\xbc\\Tacview-20081018-193030.txt.acmi'
p4
aS'D:\\doc\\feiji\\\xb7\xc9\xd0\xd0\xca\xfd\xbe\xdd\xbc\xc7\xc2\xbc\\Tacview-20081018-193124.txt.acmi'
p5
aS'D:\\doc\\feiji\\\xb7\xc9\xd0\xd0\xca\xfd\xbe\xdd\xbc\xc7\xc2\xbc\\Tacview-20081018-215237.txt.acmi'
p6
aS'D:\\doc\\feiji\\\xb7\xc9\xd0\xd0\xca\xfd\xbe\xdd\xbc\xc7\xc2\xbc\\Tacview-20081018-233039.txt.acmi'
p7
aS'D:\\doc\\feiji\\\xb7\xc9\xd0\xd0\xca\xfd\xbe\xdd\xbc\xc7\xc2\xbc\\Tacview-20081018-234643.txt.acmi'
p8
aS'D:\\doc\\feiji\\\xb7\xc9\xd0\xd0\xca\xfd\xbe\xdd\xbc\xc7\xc2\xbc\\Tacview-20081019-232726.txt.acmi'
p9
aS'D:\\doc\\feiji\\\xb7\xc9\xd0\xd0\xca\xfd\xbe\xdd\xbc\xc7\xc2\xbc\\Tacview-20081020-003522.txt.acmi'
p10
aS'D:\\doc\\feiji\\\xb7\xc9\xd0\xd0\xca\xfd\xbe\xdd\xbc\xc7\xc2\xbc\\Tacview-20081020-003615.txt.acmi'
p11
aS'D:\\doc\\feiji\\\xb7\xc9\xd0\xd0\xca\xfd\xbe\xdd\xbc\xc7\xc2\xbc\\Tacview-20081021-230242.txt.acmi'
p12
aS'D:\\doc\\feiji\\\xb7\xc9\xd0\xd0\xca\xfd\xbe\xdd\xbc\xc7\xc2\xbc\\Tacview-20081021-231233.txt.acmi'
p13
aS'D:\\doc\\feiji\\\xb7\xc9\xd0\xd0\xca\xfd\xbe\xdd\xbc\xc7\xc2\xbc\\Tacview-20081021-231306.txt.acmi'
p14
aS'D:\\doc\\feiji\\\xb7\xc9\xd0\xd0\xca\xfd\xbe\xdd\xbc\xc7\xc2\xbc\\Tacview-20081021-231346.txt.acmi'
p15
aS'D:\\doc\\feiji\\\xb7\xc9\xd0\xd0\xca\xfd\xbe\xdd\xbc\xc7\xc2\xbc\\Tacview-20081021-232846.txt.acmi'
p16
aS'D:\\doc\\feiji\\\xb7\xc9\xd0\xd0\xca\xfd\xbe\xdd\xbc\xc7\xc2\xbc\\Tacview-20081021-234121.txt.acmi'
p17
aS'D:\\doc\\feiji\\\xb7\xc9\xd0\xd0\xca\xfd\xbe\xdd\xbc\xc7\xc2\xbc\\Tacview-20081021-234615.txt.acmi'
p18
aS'D:\\doc\\feiji\\\xb7\xc9\xd0\xd0\xca\xfd\xbe\xdd\xbc\xc7\xc2\xbc\\Tacview-20081022-002322.txt.acmi'
p19
aS'D:\\doc\\feiji\\\xb7\xc9\xd0\xd0\xca\xfd\xbe\xdd\xbc\xc7\xc2\xbc\\Tacview-20081022-010241.txt.acmi'
p20
aS'D:\\doc\\feiji\\\xb7\xc9\xd0\xd0\xca\xfd\xbe\xdd\xbc\xc7\xc2\xbc\\Tacview-20081022-192228.txt.acmi'
p21
aS'D:\\doc\\feiji\\\xb7\xc9\xd0\xd0\xca\xfd\xbe\xdd\xbc\xc7\xc2\xbc\\Tacview-20081022-205655.txt.acmi'
p22
aS'D:\\doc\\feiji\\\xb7\xc9\xd0\xd0\xca\xfd\xbe\xdd\xbc\xc7\xc2\xbc\\Tacview-20081022-213410.txt.acmi'
p23
aS'D:\\doc\\feiji\\\xb7\xc9\xd0\xd0\xca\xfd\xbe\xdd\xbc\xc7\xc2\xbc\\Tacview-20081022-225034.txt.acmi'
p24
aS'D:\\doc\\feiji\\\xb7\xc9\xd0\xd0\xca\xfd\xbe\xdd\xbc\xc7\xc2\xbc\\Tacview-20081022-232457.txt.acmi'
p25
aS'D:\\doc\\feiji\\\xb7\xc9\xd0\xd0\xca\xfd\xbe\xdd\xbc\xc7\xc2\xbc\\Tacview-20081023-205658.txt.acmi'
p26
aS'D:\\doc\\feiji\\\xb7\xc9\xd0\xd0\xca\xfd\xbe\xdd\xbc\xc7\xc2\xbc\\Tacview-20081023-223114.txt.acmi'
p27
aS'D:\\doc\\feiji\\\xb7\xc9\xd0\xd0\xca\xfd\xbe\xdd\xbc\xc7\xc2\xbc\\Tacview-20081024-211512.txt.acmi'
p28
aS'D:\\doc\\feiji\\\xb7\xc9\xd0\xd0\xca\xfd\xbe\xdd\xbc\xc7\xc2\xbc\\Tacview-20081024-211631.txt.acmi'
p29
aS'D:\\doc\\feiji\\\xb7\xc9\xd0\xd0\xca\xfd\xbe\xdd\xbc\xc7\xc2\xbc\\Tacview-20081024-212934.txt.acmi'
p30
aS'D:\\doc\\feiji\\\xb7\xc9\xd0\xd0\xca\xfd\xbe\xdd\xbc\xc7\xc2\xbc\\Tacview-20081024-213013.txt.acmi'
p31
aS'D:\\doc\\feiji\\\xb7\xc9\xd0\xd0\xca\xfd\xbe\xdd\xbc\xc7\xc2\xbc\\Tacview-20081024-213158.txt.acmi'
p32
aS'D:\\doc\\feiji\\\xb7\xc9\xd0\xd0\xca\xfd\xbe\xdd\xbc\xc7\xc2\xbc\\Tacview-20081024-215054.txt.acmi'
p33
aS'D:\\doc\\feiji\\\xb7\xc9\xd0\xd0\xca\xfd\xbe\xdd\xbc\xc7\xc2\xbc\\Tacview-20081024-233837.txt.acmi'
p34
aS'D:\\doc\\feiji\\\xb7\xc9\xd0\xd0\xca\xfd\xbe\xdd\xbc\xc7\xc2\xbc\\Tacview-20081026-102928.txt.acmi'
p35
aS'D:\\doc\\feiji\\\xb7\xc9\xd0\xd0\xca\xfd\xbe\xdd\xbc\xc7\xc2\xbc\\Tacview-20081026-141941.txt.acmi'
p36
aS'D:\\doc\\feiji\\\xb7\xc9\xd0\xd0\xca\xfd\xbe\xdd\xbc\xc7\xc2\xbc\\Tacview-20081026-161325.txt.acmi'
p37
aS'D:\\doc\\feiji\\\xb7\xc9\xd0\xd0\xca\xfd\xbe\xdd\xbc\xc7\xc2\xbc\\Tacview-20081026-182427.txt.acmi'
p38
aS'D:\\doc\\feiji\\\xb7\xc9\xd0\xd0\xca\xfd\xbe\xdd\xbc\xc7\xc2\xbc\\Tacview-20081027-204050.txt.acmi'
p39
aS'D:\\doc\\feiji\\\xb7\xc9\xd0\xd0\xca\xfd\xbe\xdd\xbc\xc7\xc2\xbc\\Tacview-20081027-210042.txt.acmi'
p40
aS'D:\\doc\\feiji\\\xb7\xc9\xd0\xd0\xca\xfd\xbe\xdd\xbc\xc7\xc2\xbc\\Tacview-20081027-212434.txt.acmi'
p41
aS'D:\\doc\\feiji\\\xb7\xc9\xd0\xd0\xca\xfd\xbe\xdd\xbc\xc7\xc2\xbc\\Tacview-20081027-212521.txt.acmi'
p42
aS'D:\\doc\\feiji\\\xb7\xc9\xd0\xd0\xca\xfd\xbe\xdd\xbc\xc7\xc2\xbc\\Tacview-20081027-213420.txt.acmi'
p43
aS'D:\\doc\\feiji\\\xb7\xc9\xd0\xd0\xca\xfd\xbe\xdd\xbc\xc7\xc2\xbc\\Tacview-20081027-214350.txt.acmi'
p44
aS'D:\\doc\\feiji\\\xb7\xc9\xd0\xd0\xca\xfd\xbe\xdd\xbc\xc7\xc2\xbc\\Tacview-20081027-215022.txt.acmi'
p45
aS'D:\\doc\\feiji\\\xb7\xc9\xd0\xd0\xca\xfd\xbe\xdd\xbc\xc7\xc2\xbc\\Tacview-20081027-215108.txt.acmi'
p46
aS'D:\\doc\\feiji\\\xb7\xc9\xd0\xd0\xca\xfd\xbe\xdd\xbc\xc7\xc2\xbc\\Tacview-20081027-221155.txt.acmi'
p47
aS'D:\\doc\\feiji\\\xb7\xc9\xd0\xd0\xca\xfd\xbe\xdd\xbc\xc7\xc2\xbc\\Tacview-20081027-224049.txt.acmi'
p48
aS'D:\\doc\\feiji\\\xb7\xc9\xd0\xd0\xca\xfd\xbe\xdd\xbc\xc7\xc2\xbc\\Tacview-20081027-224200.txt.acmi'
p49
aS'D:\\doc\\feiji\\\xb7\xc9\xd0\xd0\xca\xfd\xbe\xdd\xbc\xc7\xc2\xbc\\Tacview-20081027-232000.txt.acmi'
p50
aS'D:\\doc\\feiji\\\xb7\xc9\xd0\xd0\xca\xfd\xbe\xdd\xbc\xc7\xc2\xbc\\Tacview-20081028-214641.txt.acmi'
p51
aS'D:\\doc\\feiji\\\xb7\xc9\xd0\xd0\xca\xfd\xbe\xdd\xbc\xc7\xc2\xbc\\Tacview-20081028-214830.txt.acmi'
p52
aS'D:\\doc\\feiji\\\xb7\xc9\xd0\xd0\xca\xfd\xbe\xdd\xbc\xc7\xc2\xbc\\Tacview-20081028-224443.txt.acmi'
p53
aS'D:\\doc\\feiji\\\xb7\xc9\xd0\xd0\xca\xfd\xbe\xdd\xbc\xc7\xc2\xbc\\Tacview-20081028-225349.txt.acmi'
p54
aS'D:\\doc\\feiji\\\xb7\xc9\xd0\xd0\xca\xfd\xbe\xdd\xbc\xc7\xc2\xbc\\Tacview-20081028-234049.txt.acmi'
p55
aS'D:\\doc\\feiji\\\xb7\xc9\xd0\xd0\xca\xfd\xbe\xdd\xbc\xc7\xc2\xbc\\Tacview-20081028-234122.txt.acmi'
p56
aS'D:\\doc\\feiji\\\xb7\xc9\xd0\xd0\xca\xfd\xbe\xdd\xbc\xc7\xc2\xbc\\Tacview-20081028-235224.txt.acmi'
p57
aS'D:\\doc\\feiji\\\xb7\xc9\xd0\xd0\xca\xfd\xbe\xdd\xbc\xc7\xc2\xbc\\Tacview-20081029-001030.txt.acmi'
p58
aS'D:\\doc\\feiji\\\xb7\xc9\xd0\xd0\xca\xfd\xbe\xdd\xbc\xc7\xc2\xbc\\Tacview-20081029-001636.txt.acmi'
p59
aS'D:\\doc\\feiji\\\xb7\xc9\xd0\xd0\xca\xfd\xbe\xdd\xbc\xc7\xc2\xbc\\Tacview-20081029-005555.txt.acmi'
p60
aS'D:\\doc\\feiji\\\xb7\xc9\xd0\xd0\xca\xfd\xbe\xdd\xbc\xc7\xc2\xbc\\Tacview-20081029-011357.txt.acmi'
p61
aS'D:\\doc\\feiji\\\xb7\xc9\xd0\xd0\xca\xfd\xbe\xdd\xbc\xc7\xc2\xbc\\Tacview-20081029-012908.txt.acmi'
p62
aS'D:\\doc\\feiji\\\xb7\xc9\xd0\xd0\xca\xfd\xbe\xdd\xbc\xc7\xc2\xbc\\Tacview-20081105-192151.txt.acmi'
p63
aS'D:\\doc\\feiji\\\xb7\xc9\xd0\xd0\xca\xfd\xbe\xdd\xbc\xc7\xc2\xbc\\Tacview-20081105-193817.txt.acmi'
p64
aS'D:\\doc\\feiji\\\xb7\xc9\xd0\xd0\xca\xfd\xbe\xdd\xbc\xc7\xc2\xbc\\Tacview-20081105-194324.txt.acmi'
p65
aS'D:\\doc\\feiji\\\xb7\xc9\xd0\xd0\xca\xfd\xbe\xdd\xbc\xc7\xc2\xbc\\Tacview-20081106-211610.txt.acmi'
p66
aS'D:\\doc\\feiji\\\xb7\xc9\xd0\xd0\xca\xfd\xbe\xdd\xbc\xc7\xc2\xbc\\Tacview-20081106-221207.txt.acmi'
p67
aS'D:\\doc\\feiji\\\xb7\xc9\xd0\xd0\xca\xfd\xbe\xdd\xbc\xc7\xc2\xbc\\Tacview-20081106-225053.txt.acmi'
p68
aS'D:\\doc\\feiji\\\xb7\xc9\xd0\xd0\xca\xfd\xbe\xdd\xbc\xc7\xc2\xbc\\Tacview-20081106-230918.txt.acmi'
p69
aS'D:\\doc\\feiji\\\xb7\xc9\xd0\xd0\xca\xfd\xbe\xdd\xbc\xc7\xc2\xbc\\Tacview-20081107-001211.txt.acmi'
p70
aS'D:\\doc\\feiji\\\xb7\xc9\xd0\xd0\xca\xfd\xbe\xdd\xbc\xc7\xc2\xbc\\Tacview-20081107-010002.txt.acmi'
p71
aS'D:\\doc\\feiji\\\xb7\xc9\xd0\xd0\xca\xfd\xbe\xdd\xbc\xc7\xc2\xbc\\Tacview-20081108-091115.txt.acmi'
p72
aS'D:\\doc\\feiji\\\xb7\xc9\xd0\xd0\xca\xfd\xbe\xdd\xbc\xc7\xc2\xbc\\Tacview-20081108-091422.txt.acmi'
p73
aS'D:\\doc\\feiji\\\xb7\xc9\xd0\xd0\xca\xfd\xbe\xdd\xbc\xc7\xc2\xbc\\Tacview-20081108-091849.txt.acmi'
p74
aS'D:\\doc\\feiji\\\xb7\xc9\xd0\xd0\xca\xfd\xbe\xdd\xbc\xc7\xc2\xbc\\Tacview-20081108-093300.txt.acmi'
p75
aS'D:\\doc\\feiji\\\xb7\xc9\xd0\xd0\xca\xfd\xbe\xdd\xbc\xc7\xc2\xbc\\Tacview-20081108-094005.txt.acmi'
p76
aS'D:\\doc\\feiji\\\xb7\xc9\xd0\xd0\xca\xfd\xbe\xdd\xbc\xc7\xc2\xbc\\Tacview-20081108-094259.txt.acmi'
p77
aS'D:\\doc\\feiji\\\xb7\xc9\xd0\xd0\xca\xfd\xbe\xdd\xbc\xc7\xc2\xbc\\Tacview-20081108-101802.txt.acmi'
p78
aS'D:\\doc\\feiji\\\xb7\xc9\xd0\xd0\xca\xfd\xbe\xdd\xbc\xc7\xc2\xbc\\Tacview-20081108-111845.txt.acmi'
p79
aS'D:\\doc\\feiji\\\xb7\xc9\xd0\xd0\xca\xfd\xbe\xdd\xbc\xc7\xc2\xbc\\Tacview-20081108-113128.txt.acmi'
p80
aS'D:\\doc\\feiji\\\xb7\xc9\xd0\xd0\xca\xfd\xbe\xdd\xbc\xc7\xc2\xbc\\Tacview-20081109-110132.txt.acmi'
p81
aS'D:\\doc\\feiji\\\xb7\xc9\xd0\xd0\xca\xfd\xbe\xdd\xbc\xc7\xc2\xbc\\Tacview-20081109-112753.txt.acmi'
p82
aS'D:\\doc\\feiji\\\xb7\xc9\xd0\xd0\xca\xfd\xbe\xdd\xbc\xc7\xc2\xbc\\Tacview-20081109-200443.txt.acmi'
p83
aS'D:\\doc\\feiji\\\xb7\xc9\xd0\xd0\xca\xfd\xbe\xdd\xbc\xc7\xc2\xbc\\Tacview-20081109-224732.txt.acmi'
p84
aS'D:\\doc\\feiji\\\xb7\xc9\xd0\xd0\xca\xfd\xbe\xdd\xbc\xc7\xc2\xbc\\Tacview-20081110-185836.txt.acmi'
p85
aS'D:\\doc\\feiji\\\xb7\xc9\xd0\xd0\xca\xfd\xbe\xdd\xbc\xc7\xc2\xbc\\Tacview-20081110-200211.txt.acmi'
p86
aS'D:\\doc\\feiji\\\xb7\xc9\xd0\xd0\xca\xfd\xbe\xdd\xbc\xc7\xc2\xbc\\Tacview-20081110-201858.txt.acmi'
p87
aS'D:\\doc\\feiji\\\xb7\xc9\xd0\xd0\xca\xfd\xbe\xdd\xbc\xc7\xc2\xbc\\Tacview-20081110-210450.txt.acmi'
p88
aS'D:\\doc\\feiji\\\xb7\xc9\xd0\xd0\xca\xfd\xbe\xdd\xbc\xc7\xc2\xbc\\Tacview-20081110-210519.txt.acmi'
p89
aS'D:\\doc\\feiji\\\xb7\xc9\xd0\xd0\xca\xfd\xbe\xdd\xbc\xc7\xc2\xbc\\Tacview-20081110-211527.txt.acmi'
p90
aS'D:\\doc\\feiji\\\xb7\xc9\xd0\xd0\xca\xfd\xbe\xdd\xbc\xc7\xc2\xbc\\Tacview-20081110-215349.txt.acmi'
p91
aS'D:\\doc\\feiji\\\xb7\xc9\xd0\xd0\xca\xfd\xbe\xdd\xbc\xc7\xc2\xbc\\Tacview-20081110-224355.txt.acmi'
p92
aS'D:\\doc\\feiji\\\xb7\xc9\xd0\xd0\xca\xfd\xbe\xdd\xbc\xc7\xc2\xbc\\Tacview-20081110-235437.txt.acmi'
p93
aS'D:\\doc\\feiji\\\xb7\xc9\xd0\xd0\xca\xfd\xbe\xdd\xbc\xc7\xc2\xbc\\Tacview-20081111-002438.txt.acmi'
p94
a.